Using pre-set license
Built from '2020.3/staging' branch; Version is '2020.3.33f1 (915a7af8b0d5) revision 9525882'; Using compiler version '192528614'; Build Type 'Release'
OS: 'Windows 10  (10.0.19045) 64bit Core' Language: 'tr' Physical Memory: 7549 MB
BatchMode: 1, IsHumanControllingUs: 0, StartBugReporterOnCrash: 0, Is64bit: 1, IsPro: 0

COMMAND LINE ARGUMENTS:
C:\Program Files\Unity Edi\2020.3.33f1\Editor\Unity.exe
-adb2
-batchMode
-noUpm
-name
AssetImportWorker0
-projectPath
C:/Unity Projects/CoinRushClone/CoinRushClone
-logFile
Logs/AssetImportWorker0.log
-srvPort
65454
Successfully changed project path to: C:/Unity Projects/CoinRushClone/CoinRushClone
C:/Unity Projects/CoinRushClone/CoinRushClone
Using Asset Import Pipeline V2.
Refreshing native plugins compatible for Editor in 70.58 ms, found 2 plugins.
Preloading 0 native plugins for Editor in 0.00 ms.
Initialize engine version: 2020.3.33f1 (915a7af8b0d5)
[Subsystems] Discovering subsystems at path C:/Program Files/Unity Edi/2020.3.33f1/Editor/Data/Resources/UnitySubsystems
[Subsystems] Discovering subsystems at path C:/Unity Projects/CoinRushClone/CoinRushClone/Assets
GfxDevice: creating device client; threaded=0
Direct3D:
    Version:  Direct3D 11.0 [level 11.1]
    Renderer: NVIDIA GeForce GTX 1650 Ti (ID=0x1f95)
    Vendor:   
    VRAM:     3962 MB
    Driver:   31.0.15.1694
Initialize mono
Mono path[0] = 'C:/Program Files/Unity Edi/2020.3.33f1/Editor/Data/Managed'
Mono path[1] = 'C:/Program Files/Unity Edi/2020.3.33f1/Editor/Data/MonoBleedingEdge/lib/mono/unityjit'
Mono config path = 'C:/Program Files/Unity Edi/2020.3.33f1/Editor/Data/MonoBleedingEdge/etc'
Using monoOptions --debugger-agent=transport=dt_socket,embedding=1,server=y,suspend=n,address=127.0.0.1:56436
Begin MonoManager ReloadAssembly
Registering precompiled unity dll's ...
Register platform support module: C:/Program Files/Unity Edi/2020.3.33f1/Editor/Data/PlaybackEngines/WindowsStandaloneSupport/UnityEditor.WindowsStandalone.Extensions.dll
Registered in 0.003233 seconds.
Native extension for WindowsStandalone target not found
Refreshing native plugins compatible for Editor in 56.55 ms, found 2 plugins.
Preloading 0 native plugins for Editor in 0.00 ms.
Mono: successfully reloaded assembly
- Completed reload, in  0.679 seconds
Domain Reload Profiling:
	ReloadAssembly (679ms)
		BeginReloadAssembly (102ms)
			ExecutionOrderSort (0ms)
			DisableScriptedObjects (0ms)
			BackupInstance (0ms)
			ReleaseScriptingObjects (0ms)
			CreateAndSetChildDomain (1ms)
		EndReloadAssembly (501ms)
			LoadAssemblies (100ms)
			RebuildTransferFunctionScriptingTraits (0ms)
			SetupTypeCache (154ms)
			ReleaseScriptCaches (0ms)
			RebuildScriptCaches (38ms)
			SetupLoadedEditorAssemblies (202ms)
				LogAssemblyErrors (0ms)
				InitializePlatformSupportModulesInManaged (5ms)
				SetLoadedEditorAssemblies (0ms)
				RefreshPlugins (57ms)
				BeforeProcessingInitializeOnLoad (19ms)
				ProcessInitializeOnLoadAttributes (92ms)
				ProcessInitializeOnLoadMethodAttributes (30ms)
				AfterProcessingInitializeOnLoad (0ms)
				EditorAssembliesLoaded (0ms)
			ExecutionOrderSort2 (0ms)
			AwakeInstancesAfterBackupRestoration (0ms)
Platform modules already initialized, skipping
Registering precompiled user dll's ...
Registered in 0.011296 seconds.
Begin MonoManager ReloadAssembly
Symbol file LoadedFromMemory doesn't match image C:\Unity Projects\CoinRushClone\CoinRushClone\Library\PackageCache\com.unity.collab-proxy@1.15.15\Lib\Editor\PlasticSCM\unityplastic.dll
Native extension for WindowsStandalone target not found
Refreshing native plugins compatible for Editor in 63.85 ms, found 2 plugins.
Preloading 0 native plugins for Editor in 0.00 ms.
Mono: successfully reloaded assembly
- Completed reload, in  1.428 seconds
Domain Reload Profiling:
	ReloadAssembly (1429ms)
		BeginReloadAssembly (181ms)
			ExecutionOrderSort (0ms)
			DisableScriptedObjects (5ms)
			BackupInstance (0ms)
			ReleaseScriptingObjects (0ms)
			CreateAndSetChildDomain (26ms)
		EndReloadAssembly (1175ms)
			LoadAssemblies (164ms)
			RebuildTransferFunctionScriptingTraits (0ms)
			SetupTypeCache (362ms)
			ReleaseScriptCaches (1ms)
			RebuildScriptCaches (75ms)
			SetupLoadedEditorAssemblies (449ms)
				LogAssemblyErrors (0ms)
				InitializePlatformSupportModulesInManaged (5ms)
				SetLoadedEditorAssemblies (0ms)
				RefreshPlugins (64ms)
				BeforeProcessingInitializeOnLoad (120ms)
				ProcessInitializeOnLoadAttributes (238ms)
				ProcessInitializeOnLoadMethodAttributes (13ms)
				AfterProcessingInitializeOnLoad (8ms)
				EditorAssembliesLoaded (0ms)
			ExecutionOrderSort2 (0ms)
			AwakeInstancesAfterBackupRestoration (6ms)
Platform modules already initialized, skipping
========================================================================
Worker process is ready to serve import requests
Launched and connected shader compiler UnityShaderCompiler.exe after 0.06 seconds
Refreshing native plugins compatible for Editor in 0.55 ms, found 2 plugins.
Preloading 0 native plugins for Editor in 0.00 ms.
Unloading 2890 Unused Serialized files (Serialized files now loaded: 0)
System memory in use before: 130.7 MB.
System memory in use after: 130.9 MB.

Unloading 19 unused Assets to reduce memory usage. Loaded Objects now: 3335.
Total: 3.952300 ms (FindLiveObjects: 0.414700 ms CreateObjectMapping: 0.163400 ms MarkObjects: 3.281300 ms  DeleteObjects: 0.091300 ms)

AssetImportParameters requested are different than current active one (requested -> active):
  custom:framework-win-MediaFoundation: 216162199b28c13a410421893ffa2e32 -> 
  custom:video-decoder-ogg-theora: a1e56fd34408186e4bbccfd4996cb3dc -> 
  custom:container-muxer-webm: aa71ff27fc2769a1b78a27578f13a17b -> 
  custom:container-demuxer-webm: 4f35f7cbe854078d1ac9338744f61a02 -> 
  custom:container-demuxer-ogg: 62fdf1f143b41e24485cea50d1cbac27 -> 
  custom:video-encoder-webm-vp8: eb34c28f22e8b96e1ab97ce403110664 -> 
  custom:video-decoder-webm-vp8: 9c59270c3fd7afecdb556c50c9e8de78 -> 
  custom:audio-decoder-ogg-vorbis: bf7c407c2cedff20999df2af8eb42d56 -> 
  custom:audio-encoder-webm-vorbis: bf7c407c2cedff20999df2af8eb42d56 -> 
========================================================================
Received Import Request.
  path: Assets/[GAME]/Prefabs/Player/PlayerParent.prefab
  artifactKey: Guid(b0346a71c25b75846948f815551878b5) Importer(815301076,1909f56bfc062723c751e8b465ee728b)
Start importing Assets/[GAME]/Prefabs/Player/PlayerParent.prefab using Guid(b0346a71c25b75846948f815551878b5) Importer(815301076,1909f56bfc062723c751e8b465ee728b)  -> (artifact id: '0b0e8955e9acdae910e6536aed9c040e') in 0.283743 seconds 
========================================================================
Received Prepare
Registering precompiled user dll's ...
Registered in 0.005058 seconds.
Begin MonoManager ReloadAssembly
Symbol file LoadedFromMemory doesn't match image C:\Unity Projects\CoinRushClone\CoinRushClone\Library\PackageCache\com.unity.collab-proxy@1.15.15\Lib\Editor\PlasticSCM\unityplastic.dll
Native extension for WindowsStandalone target not found
Refreshing native plugins compatible for Editor in 0.86 ms, found 2 plugins.
Preloading 0 native plugins for Editor in 0.00 ms.
Mono: successfully reloaded assembly
- Completed reload, in  1.337 seconds
Domain Reload Profiling:
	ReloadAssembly (1337ms)
		BeginReloadAssembly (173ms)
			ExecutionOrderSort (0ms)
			DisableScriptedObjects (9ms)
			BackupInstance (0ms)
			ReleaseScriptingObjects (0ms)
			CreateAndSetChildDomain (51ms)
		EndReloadAssembly (1091ms)
			LoadAssemblies (131ms)
			RebuildTransferFunctionScriptingTraits (0ms)
			SetupTypeCache (347ms)
			ReleaseScriptCaches (1ms)
			RebuildScriptCaches (62ms)
			SetupLoadedEditorAssemblies (387ms)
				LogAssemblyErrors (0ms)
				InitializePlatformSupportModulesInManaged (5ms)
				SetLoadedEditorAssemblies (1ms)
				RefreshPlugins (1ms)
				BeforeProcessingInitializeOnLoad (114ms)
				ProcessInitializeOnLoadAttributes (246ms)
				ProcessInitializeOnLoadMethodAttributes (12ms)
				AfterProcessingInitializeOnLoad (7ms)
				EditorAssembliesLoaded (0ms)
			ExecutionOrderSort2 (0ms)
			AwakeInstancesAfterBackupRestoration (23ms)
Platform modules already initialized, skipping
Refreshing native plugins compatible for Editor in 0.76 ms, found 2 plugins.
Preloading 0 native plugins for Editor in 0.00 ms.
Unloading 2780 Unused Serialized files (Serialized files now loaded: 0)
System memory in use before: 128.7 MB.
System memory in use after: 128.9 MB.

Unloading 14 unused Assets to reduce memory usage. Loaded Objects now: 3383.
Total: 4.687200 ms (FindLiveObjects: 0.454000 ms CreateObjectMapping: 0.094500 ms MarkObjects: 4.108200 ms  DeleteObjects: 0.029100 ms)

AssetImportParameters requested are different than current active one (requested -> active):
  custom:framework-win-MediaFoundation: 216162199b28c13a410421893ffa2e32 -> 
  custom:video-decoder-ogg-theora: a1e56fd34408186e4bbccfd4996cb3dc -> 
  custom:container-muxer-webm: aa71ff27fc2769a1b78a27578f13a17b -> 
  custom:container-demuxer-webm: 4f35f7cbe854078d1ac9338744f61a02 -> 
  custom:container-demuxer-ogg: 62fdf1f143b41e24485cea50d1cbac27 -> 
  custom:video-encoder-webm-vp8: eb34c28f22e8b96e1ab97ce403110664 -> 
  custom:video-decoder-webm-vp8: 9c59270c3fd7afecdb556c50c9e8de78 -> 
  custom:audio-decoder-ogg-vorbis: bf7c407c2cedff20999df2af8eb42d56 -> 
  custom:audio-encoder-webm-vorbis: bf7c407c2cedff20999df2af8eb42d56 -> 
========================================================================
Received Prepare
Registering precompiled user dll's ...
Registered in 0.004725 seconds.
Begin MonoManager ReloadAssembly
Symbol file LoadedFromMemory doesn't match image C:\Unity Projects\CoinRushClone\CoinRushClone\Library\PackageCache\com.unity.collab-proxy@1.15.15\Lib\Editor\PlasticSCM\unityplastic.dll
Native extension for WindowsStandalone target not found
Refreshing native plugins compatible for Editor in 0.66 ms, found 2 plugins.
Preloading 0 native plugins for Editor in 0.00 ms.
Mono: successfully reloaded assembly
- Completed reload, in  1.256 seconds
Domain Reload Profiling:
	ReloadAssembly (1257ms)
		BeginReloadAssembly (183ms)
			ExecutionOrderSort (0ms)
			DisableScriptedObjects (19ms)
			BackupInstance (0ms)
			ReleaseScriptingObjects (0ms)
			CreateAndSetChildDomain (64ms)
		EndReloadAssembly (994ms)
			LoadAssemblies (119ms)
			RebuildTransferFunctionScriptingTraits (0ms)
			SetupTypeCache (318ms)
			ReleaseScriptCaches (1ms)
			RebuildScriptCaches (56ms)
			SetupLoadedEditorAssemblies (349ms)
				LogAssemblyErrors (0ms)
				InitializePlatformSupportModulesInManaged (5ms)
				SetLoadedEditorAssemblies (1ms)
				RefreshPlugins (1ms)
				BeforeProcessingInitializeOnLoad (99ms)
				ProcessInitializeOnLoadAttributes (225ms)
				ProcessInitializeOnLoadMethodAttributes (9ms)
				AfterProcessingInitializeOnLoad (8ms)
				EditorAssembliesLoaded (0ms)
			ExecutionOrderSort2 (0ms)
			AwakeInstancesAfterBackupRestoration (19ms)
Platform modules already initialized, skipping
Refreshing native plugins compatible for Editor in 0.73 ms, found 2 plugins.
Preloading 0 native plugins for Editor in 0.00 ms.
Unloading 2780 Unused Serialized files (Serialized files now loaded: 0)
System memory in use before: 128.7 MB.
System memory in use after: 129.0 MB.

Unloading 14 unused Assets to reduce memory usage. Loaded Objects now: 3386.
Total: 4.842800 ms (FindLiveObjects: 0.297900 ms CreateObjectMapping: 0.078000 ms MarkObjects: 4.420000 ms  DeleteObjects: 0.045100 ms)

AssetImportParameters requested are different than current active one (requested -> active):
  custom:framework-win-MediaFoundation: 216162199b28c13a410421893ffa2e32 -> 
  custom:video-decoder-ogg-theora: a1e56fd34408186e4bbccfd4996cb3dc -> 
  custom:container-muxer-webm: aa71ff27fc2769a1b78a27578f13a17b -> 
  custom:container-demuxer-webm: 4f35f7cbe854078d1ac9338744f61a02 -> 
  custom:container-demuxer-ogg: 62fdf1f143b41e24485cea50d1cbac27 -> 
  custom:video-encoder-webm-vp8: eb34c28f22e8b96e1ab97ce403110664 -> 
  custom:video-decoder-webm-vp8: 9c59270c3fd7afecdb556c50c9e8de78 -> 
  custom:audio-decoder-ogg-vorbis: bf7c407c2cedff20999df2af8eb42d56 -> 
  custom:audio-encoder-webm-vorbis: bf7c407c2cedff20999df2af8eb42d56 -> 
========================================================================
Received Prepare
Registering precompiled user dll's ...
Registered in 0.007162 seconds.
Begin MonoManager ReloadAssembly
Symbol file LoadedFromMemory doesn't match image C:\Unity Projects\CoinRushClone\CoinRushClone\Library\PackageCache\com.unity.collab-proxy@1.15.15\Lib\Editor\PlasticSCM\unityplastic.dll
Native extension for WindowsStandalone target not found
Refreshing native plugins compatible for Editor in 1.39 ms, found 2 plugins.
Preloading 0 native plugins for Editor in 0.00 ms.
Mono: successfully reloaded assembly
- Completed reload, in  1.261 seconds
Domain Reload Profiling:
	ReloadAssembly (1263ms)
		BeginReloadAssembly (179ms)
			ExecutionOrderSort (0ms)
			DisableScriptedObjects (16ms)
			BackupInstance (0ms)
			ReleaseScriptingObjects (0ms)
			CreateAndSetChildDomain (38ms)
		EndReloadAssembly (1015ms)
			LoadAssemblies (154ms)
			RebuildTransferFunctionScriptingTraits (0ms)
			SetupTypeCache (330ms)
			ReleaseScriptCaches (1ms)
			RebuildScriptCaches (54ms)
			SetupLoadedEditorAssemblies (355ms)
				LogAssemblyErrors (0ms)
				InitializePlatformSupportModulesInManaged (5ms)
				SetLoadedEditorAssemblies (1ms)
				RefreshPlugins (2ms)
				BeforeProcessingInitializeOnLoad (100ms)
				ProcessInitializeOnLoadAttributes (230ms)
				ProcessInitializeOnLoadMethodAttributes (10ms)
				AfterProcessingInitializeOnLoad (7ms)
				EditorAssembliesLoaded (1ms)
			ExecutionOrderSort2 (0ms)
			AwakeInstancesAfterBackupRestoration (18ms)
Platform modules already initialized, skipping
Refreshing native plugins compatible for Editor in 0.77 ms, found 2 plugins.
Preloading 0 native plugins for Editor in 0.00 ms.
Unloading 2780 Unused Serialized files (Serialized files now loaded: 0)
System memory in use before: 128.8 MB.
System memory in use after: 129.0 MB.

Unloading 14 unused Assets to reduce memory usage. Loaded Objects now: 3389.
Total: 3.878400 ms (FindLiveObjects: 0.319500 ms CreateObjectMapping: 0.081600 ms MarkObjects: 3.447700 ms  DeleteObjects: 0.028200 ms)

AssetImportParameters requested are different than current active one (requested -> active):
  custom:framework-win-MediaFoundation: 216162199b28c13a410421893ffa2e32 -> 
  custom:video-decoder-ogg-theora: a1e56fd34408186e4bbccfd4996cb3dc -> 
  custom:container-muxer-webm: aa71ff27fc2769a1b78a27578f13a17b -> 
  custom:container-demuxer-webm: 4f35f7cbe854078d1ac9338744f61a02 -> 
  custom:container-demuxer-ogg: 62fdf1f143b41e24485cea50d1cbac27 -> 
  custom:video-encoder-webm-vp8: eb34c28f22e8b96e1ab97ce403110664 -> 
  custom:video-decoder-webm-vp8: 9c59270c3fd7afecdb556c50c9e8de78 -> 
  custom:audio-decoder-ogg-vorbis: bf7c407c2cedff20999df2af8eb42d56 -> 
  custom:audio-encoder-webm-vorbis: bf7c407c2cedff20999df2af8eb42d56 -> 
========================================================================
Received Import Request.
  Time since last request: 347.139093 seconds.
  path: Assets/[GAME]/Scripts/Actors/Player Scripts/PlayerFallController.cs
  artifactKey: Guid(e718b7d481deac84f84cf4ea20d0e5a2) Importer(815301076,1909f56bfc062723c751e8b465ee728b)
Start importing Assets/[GAME]/Scripts/Actors/Player Scripts/PlayerFallController.cs using Guid(e718b7d481deac84f84cf4ea20d0e5a2) Importer(815301076,1909f56bfc062723c751e8b465ee728b)  -> (artifact id: '97ee9a71cd43e52dc6b0cc96e53d5f69') in 0.022817 seconds 
========================================================================
Received Prepare
Registering precompiled user dll's ...
Registered in 0.004901 seconds.
Begin MonoManager ReloadAssembly
Symbol file LoadedFromMemory doesn't match image C:\Unity Projects\CoinRushClone\CoinRushClone\Library\PackageCache\com.unity.collab-proxy@1.15.15\Lib\Editor\PlasticSCM\unityplastic.dll
Native extension for WindowsStandalone target not found
Refreshing native plugins compatible for Editor in 0.59 ms, found 2 plugins.
Preloading 0 native plugins for Editor in 0.00 ms.
Mono: successfully reloaded assembly
- Completed reload, in  1.186 seconds
Domain Reload Profiling:
	ReloadAssembly (1186ms)
		BeginReloadAssembly (129ms)
			ExecutionOrderSort (0ms)
			DisableScriptedObjects (6ms)
			BackupInstance (0ms)
			ReleaseScriptingObjects (0ms)
			CreateAndSetChildDomain (42ms)
		EndReloadAssembly (988ms)
			LoadAssemblies (114ms)
			RebuildTransferFunctionScriptingTraits (0ms)
			SetupTypeCache (332ms)
			ReleaseScriptCaches (1ms)
			RebuildScriptCaches (58ms)
			SetupLoadedEditorAssemblies (339ms)
				LogAssemblyErrors (0ms)
				InitializePlatformSupportModulesInManaged (6ms)
				SetLoadedEditorAssemblies (0ms)
				RefreshPlugins (1ms)
				BeforeProcessingInitializeOnLoad (97ms)
				ProcessInitializeOnLoadAttributes (217ms)
				ProcessInitializeOnLoadMethodAttributes (10ms)
				AfterProcessingInitializeOnLoad (8ms)
				EditorAssembliesLoaded (0ms)
			ExecutionOrderSort2 (0ms)
			AwakeInstancesAfterBackupRestoration (19ms)
Platform modules already initialized, skipping
Refreshing native plugins compatible for Editor in 0.59 ms, found 2 plugins.
Preloading 0 native plugins for Editor in 0.00 ms.
Unloading 2781 Unused Serialized files (Serialized files now loaded: 0)
System memory in use before: 128.8 MB.
System memory in use after: 129.0 MB.

Unloading 14 unused Assets to reduce memory usage. Loaded Objects now: 3393.
Total: 3.823300 ms (FindLiveObjects: 0.429700 ms CreateObjectMapping: 0.186500 ms MarkObjects: 3.175700 ms  DeleteObjects: 0.029400 ms)

AssetImportParameters requested are different than current active one (requested -> active):
  custom:framework-win-MediaFoundation: 216162199b28c13a410421893ffa2e32 -> 
  custom:video-decoder-ogg-theora: a1e56fd34408186e4bbccfd4996cb3dc -> 
  custom:container-muxer-webm: aa71ff27fc2769a1b78a27578f13a17b -> 
  custom:container-demuxer-webm: 4f35f7cbe854078d1ac9338744f61a02 -> 
  custom:container-demuxer-ogg: 62fdf1f143b41e24485cea50d1cbac27 -> 
  custom:video-encoder-webm-vp8: eb34c28f22e8b96e1ab97ce403110664 -> 
  custom:video-decoder-webm-vp8: 9c59270c3fd7afecdb556c50c9e8de78 -> 
  custom:audio-decoder-ogg-vorbis: bf7c407c2cedff20999df2af8eb42d56 -> 
  custom:audio-encoder-webm-vorbis: bf7c407c2cedff20999df2af8eb42d56 -> 
========================================================================
Received Import Request.
  Time since last request: 13.562631 seconds.
  path: Assets/[GAME]/Scripts/Actors/Player Scripts/PlayerFallController.cs
  artifactKey: Guid(e718b7d481deac84f84cf4ea20d0e5a2) Importer(815301076,1909f56bfc062723c751e8b465ee728b)
Start importing Assets/[GAME]/Scripts/Actors/Player Scripts/PlayerFallController.cs using Guid(e718b7d481deac84f84cf4ea20d0e5a2) Importer(815301076,1909f56bfc062723c751e8b465ee728b)  -> (artifact id: 'b491722a907efa4ff00fce8158e217dc') in 0.008687 seconds 
========================================================================
Received Import Request.
  Time since last request: 1.290510 seconds.
  path: Assets/[GAME]/Scripts/Actors/Player Scripts/PlayerFallController.cs
  artifactKey: Guid(e718b7d481deac84f84cf4ea20d0e5a2) Importer(815301076,1909f56bfc062723c751e8b465ee728b)
Start importing Assets/[GAME]/Scripts/Actors/Player Scripts/PlayerFallController.cs using Guid(e718b7d481deac84f84cf4ea20d0e5a2) Importer(815301076,1909f56bfc062723c751e8b465ee728b)  -> (artifact id: '1da4c7d6ac37e58a6edb4a3214b71e49') in 0.009412 seconds 
========================================================================
Received Import Request.
  Time since last request: 5.913056 seconds.
  path: Assets/[GAME]/Scripts/Actors/Player Scripts/PlayerFallController.cs
  artifactKey: Guid(e718b7d481deac84f84cf4ea20d0e5a2) Importer(815301076,1909f56bfc062723c751e8b465ee728b)
Start importing Assets/[GAME]/Scripts/Actors/Player Scripts/PlayerFallController.cs using Guid(e718b7d481deac84f84cf4ea20d0e5a2) Importer(815301076,1909f56bfc062723c751e8b465ee728b)  -> (artifact id: 'ddae40e7131d486931c8a1217520ca0e') in 0.003664 seconds 
========================================================================
Received Import Request.
  Time since last request: 19.403866 seconds.
  path: Assets/[GAME]/Scripts/Actors/Player Scripts/PlayerFallController.cs
  artifactKey: Guid(e718b7d481deac84f84cf4ea20d0e5a2) Importer(815301076,1909f56bfc062723c751e8b465ee728b)
Start importing Assets/[GAME]/Scripts/Actors/Player Scripts/PlayerFallController.cs using Guid(e718b7d481deac84f84cf4ea20d0e5a2) Importer(815301076,1909f56bfc062723c751e8b465ee728b)  -> (artifact id: '423fe8427c5a665038ffed393990be3c') in 0.003790 seconds 
========================================================================
Received Import Request.
  Time since last request: 0.569385 seconds.
  path: Assets/[GAME]/Scripts/Actors/Player Scripts/PlayerFallController.cs
  artifactKey: Guid(e718b7d481deac84f84cf4ea20d0e5a2) Importer(815301076,1909f56bfc062723c751e8b465ee728b)
Start importing Assets/[GAME]/Scripts/Actors/Player Scripts/PlayerFallController.cs using Guid(e718b7d481deac84f84cf4ea20d0e5a2) Importer(815301076,1909f56bfc062723c751e8b465ee728b)  -> (artifact id: '820aa7e9127ca36ec6e76925e7152263') in 0.004083 seconds 
========================================================================
Received Import Request.
  Time since last request: 3.865371 seconds.
  path: Assets/[GAME]/Scripts/Actors/Player Scripts/PlayerFallController.cs
  artifactKey: Guid(e718b7d481deac84f84cf4ea20d0e5a2) Importer(815301076,1909f56bfc062723c751e8b465ee728b)
Start importing Assets/[GAME]/Scripts/Actors/Player Scripts/PlayerFallController.cs using Guid(e718b7d481deac84f84cf4ea20d0e5a2) Importer(815301076,1909f56bfc062723c751e8b465ee728b)  -> (artifact id: '227facbc76bef6f5b4042f7d1060383f') in 0.005872 seconds 
========================================================================
Received Import Request.
  Time since last request: 77.680444 seconds.
  path: Assets/[GAME]/Scripts/Actors/Player Scripts/PlayerFallController.cs
  artifactKey: Guid(e718b7d481deac84f84cf4ea20d0e5a2) Importer(815301076,1909f56bfc062723c751e8b465ee728b)
Start importing Assets/[GAME]/Scripts/Actors/Player Scripts/PlayerFallController.cs using Guid(e718b7d481deac84f84cf4ea20d0e5a2) Importer(815301076,1909f56bfc062723c751e8b465ee728b)  -> (artifact id: '75eaf3813a6cf6afe0057c91b8e04fd2') in 0.003854 seconds 
========================================================================
Received Import Request.
  Time since last request: 12.425700 seconds.
  path: Assets/[GAME]/Scripts/Actors/Player Scripts/PlayerFallController.cs
  artifactKey: Guid(e718b7d481deac84f84cf4ea20d0e5a2) Importer(815301076,1909f56bfc062723c751e8b465ee728b)
Start importing Assets/[GAME]/Scripts/Actors/Player Scripts/PlayerFallController.cs using Guid(e718b7d481deac84f84cf4ea20d0e5a2) Importer(815301076,1909f56bfc062723c751e8b465ee728b)  -> (artifact id: '177a87989f68303ea2f5ff9817b1b0c4') in 0.003551 seconds 
========================================================================
Received Import Request.
  Time since last request: 1.091744 seconds.
  path: Assets/[GAME]/Scripts/Actors/Player Scripts/PlayerFallController.cs
  artifactKey: Guid(e718b7d481deac84f84cf4ea20d0e5a2) Importer(815301076,1909f56bfc062723c751e8b465ee728b)
Start importing Assets/[GAME]/Scripts/Actors/Player Scripts/PlayerFallController.cs using Guid(e718b7d481deac84f84cf4ea20d0e5a2) Importer(815301076,1909f56bfc062723c751e8b465ee728b)  -> (artifact id: '91768e11d8ce97858d380f924d053213') in 0.003836 seconds 
========================================================================
Received Import Request.
  Time since last request: 10.320591 seconds.
  path: Assets/[GAME]/Scripts/Actors/Player Scripts/PlayerFallController.cs
  artifactKey: Guid(e718b7d481deac84f84cf4ea20d0e5a2) Importer(815301076,1909f56bfc062723c751e8b465ee728b)
Start importing Assets/[GAME]/Scripts/Actors/Player Scripts/PlayerFallController.cs using Guid(e718b7d481deac84f84cf4ea20d0e5a2) Importer(815301076,1909f56bfc062723c751e8b465ee728b)  -> (artifact id: '2890e29fbc1182513d59e466361ce907') in 0.003519 seconds 
========================================================================
Received Import Request.
  Time since last request: 5.301471 seconds.
  path: Assets/[GAME]/Scripts/Actors/Player Scripts/PlayerFallController.cs
  artifactKey: Guid(e718b7d481deac84f84cf4ea20d0e5a2) Importer(815301076,1909f56bfc062723c751e8b465ee728b)
Start importing Assets/[GAME]/Scripts/Actors/Player Scripts/PlayerFallController.cs using Guid(e718b7d481deac84f84cf4ea20d0e5a2) Importer(815301076,1909f56bfc062723c751e8b465ee728b)  -> (artifact id: '9b7c6703c61387cd963e2a18150185f3') in 0.004161 seconds 
========================================================================
Received Import Request.
  Time since last request: 18.958880 seconds.
  path: Assets/[GAME]/Scripts/Actors/Player Scripts/PlayerFallController.cs
  artifactKey: Guid(e718b7d481deac84f84cf4ea20d0e5a2) Importer(815301076,1909f56bfc062723c751e8b465ee728b)
Start importing Assets/[GAME]/Scripts/Actors/Player Scripts/PlayerFallController.cs using Guid(e718b7d481deac84f84cf4ea20d0e5a2) Importer(815301076,1909f56bfc062723c751e8b465ee728b)  -> (artifact id: 'cac82d3770c1fc60376861545d32b03c') in 0.003915 seconds 
========================================================================
Received Import Request.
  Time since last request: 2.903156 seconds.
  path: Assets/[GAME]/Scripts/Actors/Player Scripts/PlayerFallController.cs
  artifactKey: Guid(e718b7d481deac84f84cf4ea20d0e5a2) Importer(815301076,1909f56bfc062723c751e8b465ee728b)
Start importing Assets/[GAME]/Scripts/Actors/Player Scripts/PlayerFallController.cs using Guid(e718b7d481deac84f84cf4ea20d0e5a2) Importer(815301076,1909f56bfc062723c751e8b465ee728b)  -> (artifact id: '11a77f7da0e860837dba2b828231b526') in 0.008365 seconds 
========================================================================
Received Import Request.
  Time since last request: 10.571581 seconds.
  path: Assets/[GAME]/Scripts/Actors/Player Scripts/PlayerFallController.cs
  artifactKey: Guid(e718b7d481deac84f84cf4ea20d0e5a2) Importer(815301076,1909f56bfc062723c751e8b465ee728b)
Start importing Assets/[GAME]/Scripts/Actors/Player Scripts/PlayerFallController.cs using Guid(e718b7d481deac84f84cf4ea20d0e5a2) Importer(815301076,1909f56bfc062723c751e8b465ee728b)  -> (artifact id: 'c4b1fb091d304fd1b5f39cf3778b8896') in 0.004034 seconds 
========================================================================
Received Import Request.
  Time since last request: 5.489444 seconds.
  path: Assets/[GAME]/Scripts/Actors/Player Scripts/PlayerFallController.cs
  artifactKey: Guid(e718b7d481deac84f84cf4ea20d0e5a2) Importer(815301076,1909f56bfc062723c751e8b465ee728b)
Start importing Assets/[GAME]/Scripts/Actors/Player Scripts/PlayerFallController.cs using Guid(e718b7d481deac84f84cf4ea20d0e5a2) Importer(815301076,1909f56bfc062723c751e8b465ee728b)  -> (artifact id: 'bcb6ced846cf7a8da5111a919b795438') in 0.003357 seconds 
========================================================================
Received Import Request.
  Time since last request: 6.948027 seconds.
  path: Assets/[GAME]/Scripts/Actors/Player Scripts/PlayerFallController.cs
  artifactKey: Guid(e718b7d481deac84f84cf4ea20d0e5a2) Importer(815301076,1909f56bfc062723c751e8b465ee728b)
Start importing Assets/[GAME]/Scripts/Actors/Player Scripts/PlayerFallController.cs using Guid(e718b7d481deac84f84cf4ea20d0e5a2) Importer(815301076,1909f56bfc062723c751e8b465ee728b)  -> (artifact id: '0d1635b3d7b97d205426a86a622154bd') in 0.003925 seconds 
========================================================================
Received Import Request.
  Time since last request: 1.156017 seconds.
  path: Assets/[GAME]/Scripts/Actors/Player Scripts/PlayerFallController.cs
  artifactKey: Guid(e718b7d481deac84f84cf4ea20d0e5a2) Importer(815301076,1909f56bfc062723c751e8b465ee728b)
Start importing Assets/[GAME]/Scripts/Actors/Player Scripts/PlayerFallController.cs using Guid(e718b7d481deac84f84cf4ea20d0e5a2) Importer(815301076,1909f56bfc062723c751e8b465ee728b)  -> (artifact id: '1caec55315c54cd99cf8eee0182bcc63') in 0.003955 seconds 
========================================================================
Received Import Request.
  Time since last request: 465.909267 seconds.
  path: Assets/[GAME]/Scripts/Actors/Player Scripts/PlayerFallController.cs
  artifactKey: Guid(e718b7d481deac84f84cf4ea20d0e5a2) Importer(815301076,1909f56bfc062723c751e8b465ee728b)
Start importing Assets/[GAME]/Scripts/Actors/Player Scripts/PlayerFallController.cs using Guid(e718b7d481deac84f84cf4ea20d0e5a2) Importer(815301076,1909f56bfc062723c751e8b465ee728b)  -> (artifact id: 'f5c0cabcf99f45c71045551aa665239e') in 0.004046 seconds 
========================================================================
Received Import Request.
  Time since last request: 7.456847 seconds.
  path: Assets/[GAME]/Scripts/Actors/Player Scripts/PlayerFallController.cs
  artifactKey: Guid(e718b7d481deac84f84cf4ea20d0e5a2) Importer(815301076,1909f56bfc062723c751e8b465ee728b)
Start importing Assets/[GAME]/Scripts/Actors/Player Scripts/PlayerFallController.cs using Guid(e718b7d481deac84f84cf4ea20d0e5a2) Importer(815301076,1909f56bfc062723c751e8b465ee728b)  -> (artifact id: 'bee11994334440ea81a6f6b079792b00') in 0.004295 seconds 
========================================================================
Received Import Request.
  Time since last request: 21.108338 seconds.
  path: Assets/[GAME]/Scripts/Actors/Player Scripts/PlayerFallController.cs
  artifactKey: Guid(e718b7d481deac84f84cf4ea20d0e5a2) Importer(815301076,1909f56bfc062723c751e8b465ee728b)
Start importing Assets/[GAME]/Scripts/Actors/Player Scripts/PlayerFallController.cs using Guid(e718b7d481deac84f84cf4ea20d0e5a2) Importer(815301076,1909f56bfc062723c751e8b465ee728b)  -> (artifact id: '6eff177441f5ba95191ed11c7625881d') in 0.004141 seconds 
========================================================================
Received Prepare
Registering precompiled user dll's ...
Registered in 0.005045 seconds.
Begin MonoManager ReloadAssembly
Symbol file LoadedFromMemory doesn't match image C:\Unity Projects\CoinRushClone\CoinRushClone\Library\PackageCache\com.unity.collab-proxy@1.15.15\Lib\Editor\PlasticSCM\unityplastic.dll
Native extension for WindowsStandalone target not found
Refreshing native plugins compatible for Editor in 1.34 ms, found 2 plugins.
Preloading 0 native plugins for Editor in 0.00 ms.
Mono: successfully reloaded assembly
- Completed reload, in  1.312 seconds
Domain Reload Profiling:
	ReloadAssembly (1312ms)
		BeginReloadAssembly (148ms)
			ExecutionOrderSort (0ms)
			DisableScriptedObjects (7ms)
			BackupInstance (0ms)
			ReleaseScriptingObjects (0ms)
			CreateAndSetChildDomain (44ms)
		EndReloadAssembly (1097ms)
			LoadAssemblies (124ms)
			RebuildTransferFunctionScriptingTraits (0ms)
			SetupTypeCache (323ms)
			ReleaseScriptCaches (2ms)
			RebuildScriptCaches (60ms)
			SetupLoadedEditorAssemblies (444ms)
				LogAssemblyErrors (0ms)
				InitializePlatformSupportModulesInManaged (5ms)
				SetLoadedEditorAssemblies (2ms)
				RefreshPlugins (2ms)
				BeforeProcessingInitializeOnLoad (182ms)
				ProcessInitializeOnLoadAttributes (234ms)
				ProcessInitializeOnLoadMethodAttributes (11ms)
				AfterProcessingInitializeOnLoad (8ms)
				EditorAssembliesLoaded (0ms)
			ExecutionOrderSort2 (0ms)
			AwakeInstancesAfterBackupRestoration (21ms)
Platform modules already initialized, skipping
Refreshing native plugins compatible for Editor in 0.64 ms, found 2 plugins.
Preloading 0 native plugins for Editor in 0.00 ms.
Unloading 2781 Unused Serialized files (Serialized files now loaded: 0)
System memory in use before: 128.8 MB.
System memory in use after: 129.1 MB.

Unloading 14 unused Assets to reduce memory usage. Loaded Objects now: 3396.
Total: 3.886400 ms (FindLiveObjects: 0.330400 ms CreateObjectMapping: 0.078900 ms MarkObjects: 3.445600 ms  DeleteObjects: 0.030100 ms)

AssetImportParameters requested are different than current active one (requested -> active):
  custom:framework-win-MediaFoundation: 216162199b28c13a410421893ffa2e32 -> 
  custom:video-decoder-ogg-theora: a1e56fd34408186e4bbccfd4996cb3dc -> 
  custom:container-muxer-webm: aa71ff27fc2769a1b78a27578f13a17b -> 
  custom:container-demuxer-webm: 4f35f7cbe854078d1ac9338744f61a02 -> 
  custom:container-demuxer-ogg: 62fdf1f143b41e24485cea50d1cbac27 -> 
  custom:video-encoder-webm-vp8: eb34c28f22e8b96e1ab97ce403110664 -> 
  custom:video-decoder-webm-vp8: 9c59270c3fd7afecdb556c50c9e8de78 -> 
  custom:audio-decoder-ogg-vorbis: bf7c407c2cedff20999df2af8eb42d56 -> 
  custom:audio-encoder-webm-vorbis: bf7c407c2cedff20999df2af8eb42d56 -> 
AssetImportWorkerClient::OnTransportError - code=2 error=End of file
